Performing C++ SOURCE FILE Test CMAKE_HAVE_LIBC_PTHREAD failed with the following output:
Change Dir: /home/adhi27/purdue/official_courses/ECE695-Prgrmble_Acleratr_Architecs/homework/cuda-programming-assignment-part-1-adhithadias/CMakeFiles/CMakeTmp

Run Build Command(s):/usr/bin/make cmTC_053ea/fast && /usr/bin/make -f CMakeFiles/cmTC_053ea.dir/build.make CMakeFiles/cmTC_053ea.dir/build
make[1]: Entering directory '/home/adhi27/purdue/official_courses/ECE695-Prgrmble_Acleratr_Architecs/homework/cuda-programming-assignment-part-1-adhithadias/CMakeFiles/CMakeTmp'
Building CXX object CMakeFiles/cmTC_053ea.dir/src.cxx.o
/usr/bin/c++    -DCMAKE_HAVE_LIBC_PTHREAD   -o CMakeFiles/cmTC_053ea.dir/src.cxx.o -c /home/adhi27/purdue/official_courses/ECE695-Prgrmble_Acleratr_Architecs/homework/cuda-programming-assignment-part-1-adhithadias/CMakeFiles/CMakeTmp/src.cxx
Linking CXX executable cmTC_053ea
/usr/bin/cmake -E cmake_link_script CMakeFiles/cmTC_053ea.dir/link.txt --verbose=1
/usr/bin/c++   -DCMAKE_HAVE_LIBC_PTHREAD    CMakeFiles/cmTC_053ea.dir/src.cxx.o  -o cmTC_053ea 
/usr/bin/ld: CMakeFiles/cmTC_053ea.dir/src.cxx.o: in function `main':
src.cxx:(.text+0x46): undefined reference to `pthread_create'
/usr/bin/ld: src.cxx:(.text+0x52): undefined reference to `pthread_detach'
/usr/bin/ld: src.cxx:(.text+0x63): undefined reference to `pthread_join'
collect2: error: ld returned 1 exit status
make[1]: *** [CMakeFiles/cmTC_053ea.dir/build.make:87: cmTC_053ea] Error 1
make[1]: Leaving directory '/home/adhi27/purdue/official_courses/ECE695-Prgrmble_Acleratr_Architecs/homework/cuda-programming-assignment-part-1-adhithadias/CMakeFiles/CMakeTmp'
make: *** [Makefile:121: cmTC_053ea/fast] Error 2


Source file was:
#include <pthread.h>

void* test_func(void* data)
{
  return data;
}

int main(void)
{
  pthread_t thread;
  pthread_create(&thread, NULL, test_func, NULL);
  pthread_detach(thread);
  pthread_join(thread, NULL);
  pthread_atfork(NULL, NULL, NULL);
  pthread_exit(NULL);

  return 0;
}

Determining if the function pthread_create exists in the pthreads failed with the following output:
Change Dir: /home/adhi27/purdue/official_courses/ECE695-Prgrmble_Acleratr_Architecs/homework/cuda-programming-assignment-part-1-adhithadias/CMakeFiles/CMakeTmp

Run Build Command(s):/usr/bin/make cmTC_5f3bd/fast && /usr/bin/make -f CMakeFiles/cmTC_5f3bd.dir/build.make CMakeFiles/cmTC_5f3bd.dir/build
make[1]: Entering directory '/home/adhi27/purdue/official_courses/ECE695-Prgrmble_Acleratr_Architecs/homework/cuda-programming-assignment-part-1-adhithadias/CMakeFiles/CMakeTmp'
Building CXX object CMakeFiles/cmTC_5f3bd.dir/CheckFunctionExists.cxx.o
/usr/bin/c++    -DCHECK_FUNCTION_EXISTS=pthread_create   -o CMakeFiles/cmTC_5f3bd.dir/CheckFunctionExists.cxx.o -c /home/adhi27/purdue/official_courses/ECE695-Prgrmble_Acleratr_Architecs/homework/cuda-programming-assignment-part-1-adhithadias/CMakeFiles/CheckLibraryExists/CheckFunctionExists.cxx
Linking CXX executable cmTC_5f3bd
/usr/bin/cmake -E cmake_link_script CMakeFiles/cmTC_5f3bd.dir/link.txt --verbose=1
/usr/bin/c++   -DCHECK_FUNCTION_EXISTS=pthread_create    CMakeFiles/cmTC_5f3bd.dir/CheckFunctionExists.cxx.o  -o cmTC_5f3bd  -lpthreads 
/usr/bin/ld: cannot find -lpthreads
collect2: error: ld returned 1 exit status
make[1]: *** [CMakeFiles/cmTC_5f3bd.dir/build.make:87: cmTC_5f3bd] Error 1
make[1]: Leaving directory '/home/adhi27/purdue/official_courses/ECE695-Prgrmble_Acleratr_Architecs/homework/cuda-programming-assignment-part-1-adhithadias/CMakeFiles/CMakeTmp'
make: *** [Makefile:121: cmTC_5f3bd/fast] Error 2



